<?xml version="1.0" encoding="UTF-8"?>
<!-- Generated by org.testng.reporters.JUnitReportReporter -->
<testsuite hostname="hp" failures="0" tests="1" name="testmaven.com.Maven2demo.TestRun2" time="7.185" errors="0" timestamp="2022-05-03T15:06:09 IST" skipped="0">
  <testcase classname="testmaven.com.Maven2demo.TestRun2" name="runtest" time="7.185"/>
  <system-out/>
</testsuite> <!-- testmaven.com.Maven2demo.TestRun2 -->
