<?xml version="1.0" encoding="UTF-8"?>
<!-- Generated by org.testng.reporters.JUnitReportReporter -->
<testsuite hostname="hp" failures="0" tests="1" name="testmaven.com.Maven2demo.Tools" time="4.858" errors="0" timestamp="2022-04-27T22:30:13 IST" skipped="0">
  <testcase classname="testmaven.com.Maven2demo.Tools" name="Working" time="4.858"/>
  <system-out/>
</testsuite> <!-- testmaven.com.Maven2demo.Tools -->
