<?xml version="1.0" encoding="UTF-8"?>
<!-- Generated by org.testng.reporters.JUnitReportReporter -->
<testsuite hostname="hp" failures="0" tests="1" name="testmaven.com.Maven2demo.TestRun1" time="1.583" errors="0" timestamp="2022-04-28T09:54:47 IST" skipped="0">
  <testcase classname="testmaven.com.Maven2demo.TestRun1" name="runtest" time="1.583"/>
  <system-out/>
</testsuite> <!-- testmaven.com.Maven2demo.TestRun1 -->
